<?xml version="1.0" encoding="UTF-8"?>
<!-- Generated by org.testng.reporters.JUnitReportReporter -->
<testsuite hostname="DESKTOP-2ACRUTT" failures="0" tests="6" name="com.vmo.saucedemo.feature.login.TestCasesSauceDemo" time="22.771" errors="0" timestamp="2023-10-02T17:16:17 ICT" skipped="0">
  <testcase classname="com.vmo.saucedemo.feature.login.TestCasesSauceDemo" name="LoginWrongPasswordChar" time="2.317"/>
  <system-out/>
  <testcase classname="com.vmo.saucedemo.feature.login.TestCasesSauceDemo" name="LoginEmptyUsername" time="3.045"/>
  <system-out/>
  <testcase classname="com.vmo.saucedemo.feature.login.TestCasesSauceDemo" name="LoginEmptyPassword" time="3.361"/>
  <system-out/>
  <testcase classname="com.vmo.saucedemo.feature.login.TestCasesSauceDemo" name="LoginEmptyUsernameAndPassword" time="2.641"/>
  <system-out/>
  <testcase classname="com.vmo.saucedemo.feature.login.TestCasesSauceDemo" name="LoginWrongPasswordNumber" time="2.463"/>
  <system-out/>
  <testcase classname="com.vmo.saucedemo.feature.login.TestCasesSauceDemo" name="LoginWrongUsernameAndPassword" time="8.944"/>
  <system-out/>
</testsuite> <!-- com.vmo.saucedemo.feature.login.TestCasesSauceDemo -->
